<?xml version="1.0" encoding="UTF-8"?>
<testsuite name="Test" tests="4" skipped="0" failures="0" errors="0" timestamp="2019-08-25T12:10:43" hostname="DESKTOP-2EIT0KQ" time="0.097">
  <properties/>
  <testcase name="test1" classname="Test" time="0.083"/>
  <testcase name="test2" classname="Test" time="0.001"/>
  <testcase name="test3" classname="Test" time="0.001"/>
  <testcase name="test4" classname="Test" time="0.001"/>
  <system-out><![CDATA[]]></system-out>
  <system-err><![CDATA[]]></system-err>
</testsuite>
